[[[自动注册扩展缓存完成]]]
[2019/02/14 15:24:46.8988]
[线程：1]
注册总用时：1.534ms
自动扫描程序集：0个
扩展缓存：

[[[微信扩展缓存注册完成]]]
[2019/02/14 15:24:47.0254]
[线程：1]
微信扩展缓存注册总用时：0.0026ms
扩展缓存：Senparc.Weixin.Cache.LocalContainerCacheStrategy

[[[自动注册扩展缓存完成]]]
[2019/02/14 15:25:10.4883]
[线程：1]
注册总用时：2.3091ms
自动扫描程序集：0个
扩展缓存：

[[[微信扩展缓存注册完成]]]
[2019/02/14 15:25:10.5169]
[线程：1]
微信扩展缓存注册总用时：0.003ms
扩展缓存：Senparc.Weixin.Cache.LocalContainerCacheStrategy

[[[自动注册扩展缓存完成]]]
[2019/02/14 15:26:02.8988]
[线程：1]
注册总用时：1.7797ms
自动扫描程序集：0个
扩展缓存：

[[[微信扩展缓存注册完成]]]
[2019/02/14 15:26:02.9178]
[线程：1]
微信扩展缓存注册总用时：0.0021ms
扩展缓存：Senparc.Weixin.Cache.LocalContainerCacheStrategy

[[[自动注册扩展缓存完成]]]
[2019/02/14 15:27:49.7855]
[线程：1]
注册总用时：2.9482ms
自动扫描程序集：0个
扩展缓存：

[[[微信扩展缓存注册完成]]]
[2019/02/14 15:27:49.8121]
[线程：1]
微信扩展缓存注册总用时：0.0023ms
扩展缓存：Senparc.Weixin.Cache.LocalContainerCacheStrategy

[[[自动注册扩展缓存完成]]]
[2019/02/14 15:45:54.3494]
[线程：1]
注册总用时：1.7511ms
自动扫描程序集：0个
扩展缓存：

[[[微信扩展缓存注册完成]]]
[2019/02/14 15:45:54.3674]
[线程：1]
微信扩展缓存注册总用时：0.0018ms
扩展缓存：Senparc.Weixin.Cache.LocalContainerCacheStrategy

[[[自动注册扩展缓存完成]]]
[2019/02/14 16:28:24.9643]
[线程：1]
注册总用时：3.5509ms
自动扫描程序集：0个
扩展缓存：

[[[微信扩展缓存注册完成]]]
[2019/02/14 16:28:24.9910]
[线程：1]
微信扩展缓存注册总用时：0.002ms
扩展缓存：Senparc.Weixin.Cache.LocalContainerCacheStrategy

[[[自动注册扩展缓存完成]]]
[2019/02/14 16:29:45.3071]
[线程：1]
注册总用时：1.9562ms
自动扫描程序集：0个
扩展缓存：

[[[微信扩展缓存注册完成]]]
[2019/02/14 16:29:45.3302]
[线程：1]
微信扩展缓存注册总用时：0.0026ms
扩展缓存：Senparc.Weixin.Cache.LocalContainerCacheStrategy

[[[自动注册扩展缓存完成]]]
[2019/02/14 16:40:30.4621]
[线程：1]
注册总用时：2.4469ms
自动扫描程序集：0个
扩展缓存：

[[[微信扩展缓存注册完成]]]
[2019/02/14 16:40:30.4962]
[线程：1]
微信扩展缓存注册总用时：0.0025ms
扩展缓存：Senparc.Weixin.Cache.LocalContainerCacheStrategy

[[[自动注册扩展缓存完成]]]
[2019/02/14 16:49:33.5997]
[线程：1]
注册总用时：1.2845ms
自动扫描程序集：0个
扩展缓存：

[[[微信扩展缓存注册完成]]]
[2019/02/14 16:49:33.6183]
[线程：1]
微信扩展缓存注册总用时：0.0022ms
扩展缓存：Senparc.Weixin.Cache.LocalContainerCacheStrategy

[[[自动注册扩展缓存完成]]]
[2019/02/14 16:55:32.3351]
[线程：1]
注册总用时：1.1889ms
自动扫描程序集：0个
扩展缓存：

[[[微信扩展缓存注册完成]]]
[2019/02/14 16:55:32.3546]
[线程：1]
微信扩展缓存注册总用时：0.0022ms
扩展缓存：Senparc.Weixin.Cache.LocalContainerCacheStrategy

[[[自动注册扩展缓存完成]]]
[2019/02/14 17:05:15.9323]
[线程：1]
注册总用时：1.1553ms
自动扫描程序集：0个
扩展缓存：

[[[微信扩展缓存注册完成]]]
[2019/02/14 17:05:15.9506]
[线程：1]
微信扩展缓存注册总用时：0.0018ms
扩展缓存：Senparc.Weixin.Cache.LocalContainerCacheStrategy

